GC Precious Log:
 CardTable entry size: 512
 Card Set container configuration: InlinePtr #cards 5 size 8 Array Of Cards #cards 10 size 36 Howl #buckets 4 coarsen threshold 1843 Howl Bitmap #cards 512 size 80 coarsen threshold 460 Card regions per heap region 1 cards per card region 2048
 CPUs: 4 total, 4 available
 Memory: 7886M
 Large Page Support: Disabled
 NUMA Support: Disabled
 Compressed Oops: Enabled (32-bit)
 Heap Region Size: 1M
 Heap Min Capacity: 8M
 Heap Initial Capacity: 124M
 Heap Max Capacity: 1972M
 Pre-touch: Disabled
 Parallel Workers: 4
 Concurrent Workers: 1
 Concurrent Refinement Workers: 4
 Periodic GC: Disabled
Heap:
 garbage-first heap   total reserved 2019328K, committed 61440K, used 54053K [0x0000000084c00000, 0x0000000100000000)
  region size 1024K, 24 young (24576K), 1 survivors (1024K)
 Metaspace       used 73967K, committed 75072K, reserved 1114112K
  class space    used 9843K, committed 10304K, reserved 1048576K
GC Heap History (20 events):
Event: 3695.902 GC heap before
{Heap before GC invocations=37 (full 0):
 garbage-first heap   total reserved 2019328K, committed 61440K, used 54206K [0x0000000084c00000, 0x0000000100000000)
  region size 1024K, 24 young (24576K), 2 survivors (2048K)
 Metaspace       used 73911K, committed 75008K, reserved 1114112K
  class space    used 9846K, committed 10304K, reserved 1048576K
}
Event: 3695.907 GC heap after
{Heap after GC invocations=38 (full 0):
 garbage-first heap   total reserved 2019328K, committed 61440K, used 32755K [0x0000000084c00000, 0x0000000100000000)
  region size 1024K, 2 young (2048K), 2 survivors (2048K)
 Metaspace       used 73911K, committed 75008K, reserved 1114112K
  class space    used 9846K, committed 10304K, reserved 1048576K
}
Event: 4028.112 GC heap before
{Heap before GC invocations=38 (full 0):
 garbage-first heap   total reserved 2019328K, committed 61440K, used 55283K [0x0000000084c00000, 0x0000000100000000)
  region size 1024K, 24 young (24576K), 2 survivors (2048K)
 Metaspace       used 73918K, committed 75008K, reserved 1114112K
  class space    used 9846K, committed 10304K, reserved 1048576K
}
Event: 4028.119 GC heap after
{Heap after GC invocations=39 (full 0):
 garbage-first heap   total reserved 2019328K, committed 61440K, used 32247K [0x0000000084c00000, 0x0000000100000000)
  region size 1024K, 2 young (2048K), 2 survivors (2048K)
 Metaspace       used 73918K, committed 75008K, reserved 1114112K
  class space    used 9846K, committed 10304K, reserved 1048576K
}
Event: 4376.095 GC heap before
{Heap before GC invocations=39 (full 0):
 garbage-first heap   total reserved 2019328K, committed 61440K, used 55799K [0x0000000084c00000, 0x0000000100000000)
  region size 1024K, 25 young (25600K), 2 survivors (2048K)
 Metaspace       used 73918K, committed 75008K, reserved 1114112K
  class space    used 9846K, committed 10304K, reserved 1048576K
}
Event: 4376.098 GC heap after
{Heap after GC invocations=40 (full 0):
 garbage-first heap   total reserved 2019328K, committed 61440K, used 32220K [0x0000000084c00000, 0x0000000100000000)
  region size 1024K, 2 young (2048K), 2 survivors (2048K)
 Metaspace       used 73918K, committed 75008K, reserved 1114112K
  class space    used 9846K, committed 10304K, reserved 1048576K
}
Event: 4724.173 GC heap before
{Heap before GC invocations=41 (full 0):
 garbage-first heap   total reserved 2019328K, committed 61440K, used 55772K [0x0000000084c00000, 0x0000000100000000)
  region size 1024K, 25 young (25600K), 2 survivors (2048K)
 Metaspace       used 73918K, committed 75008K, reserved 1114112K
  class space    used 9846K, committed 10304K, reserved 1048576K
}
Event: 4724.177 GC heap after
{Heap after GC invocations=42 (full 0):
 garbage-first heap   total reserved 2019328K, committed 61440K, used 32370K [0x0000000084c00000, 0x0000000100000000)
  region size 1024K, 1 young (1024K), 1 survivors (1024K)
 Metaspace       used 73918K, committed 75008K, reserved 1114112K
  class space    used 9846K, committed 10304K, reserved 1048576K
}
Event: 5087.394 GC heap before
{Heap before GC invocations=42 (full 0):
 garbage-first heap   total reserved 2019328K, committed 61440K, used 56946K [0x0000000084c00000, 0x0000000100000000)
  region size 1024K, 25 young (25600K), 1 survivors (1024K)
 Metaspace       used 73919K, committed 75008K, reserved 1114112K
  class space    used 9846K, committed 10304K, reserved 1048576K
}
Event: 5087.398 GC heap after
{Heap after GC invocations=43 (full 0):
 garbage-first heap   total reserved 2019328K, committed 61440K, used 31859K [0x0000000084c00000, 0x0000000100000000)
  region size 1024K, 1 young (1024K), 1 survivors (1024K)
 Metaspace       used 73919K, committed 75008K, reserved 1114112K
  class space    used 9846K, committed 10304K, reserved 1048576K
}
Event: 5395.978 GC heap before
{Heap before GC invocations=43 (full 0):
 garbage-first heap   total reserved 2019328K, committed 61440K, used 56435K [0x0000000084c00000, 0x0000000100000000)
  region size 1024K, 25 young (25600K), 1 survivors (1024K)
 Metaspace       used 73969K, committed 75072K, reserved 1114112K
  class space    used 9847K, committed 10304K, reserved 1048576K
}
Event: 5395.981 GC heap after
{Heap after GC invocations=44 (full 0):
 garbage-first heap   total reserved 2019328K, committed 61440K, used 31925K [0x0000000084c00000, 0x0000000100000000)
  region size 1024K, 1 young (1024K), 1 survivors (1024K)
 Metaspace       used 73969K, committed 75072K, reserved 1114112K
  class space    used 9847K, committed 10304K, reserved 1048576K
}
Event: 5760.757 GC heap before
{Heap before GC invocations=45 (full 0):
 garbage-first heap   total reserved 2019328K, committed 61440K, used 56501K [0x0000000084c00000, 0x0000000100000000)
  region size 1024K, 25 young (25600K), 1 survivors (1024K)
 Metaspace       used 73910K, committed 75072K, reserved 1114112K
  class space    used 9832K, committed 10304K, reserved 1048576K
}
Event: 5760.759 GC heap after
{Heap after GC invocations=46 (full 0):
 garbage-first heap   total reserved 2019328K, committed 61440K, used 31925K [0x0000000084c00000, 0x0000000100000000)
  region size 1024K, 1 young (1024K), 1 survivors (1024K)
 Metaspace       used 73910K, committed 75072K, reserved 1114112K
  class space    used 9832K, committed 10304K, reserved 1048576K
}
Event: 6124.628 GC heap before
{Heap before GC invocations=46 (full 0):
 garbage-first heap   total reserved 2019328K, committed 61440K, used 56501K [0x0000000084c00000, 0x0000000100000000)
  region size 1024K, 25 young (25600K), 1 survivors (1024K)
 Metaspace       used 73913K, committed 75072K, reserved 1114112K
  class space    used 9832K, committed 10304K, reserved 1048576K
}
Event: 6124.637 GC heap after
{Heap after GC invocations=47 (full 0):
 garbage-first heap   total reserved 2019328K, committed 61440K, used 31518K [0x0000000084c00000, 0x0000000100000000)
  region size 1024K, 1 young (1024K), 1 survivors (1024K)
 Metaspace       used 73913K, committed 75072K, reserved 1114112K
  class space    used 9832K, committed 10304K, reserved 1048576K
}
Event: 6504.099 GC heap before
{Heap before GC invocations=47 (full 0):
 garbage-first heap   total reserved 2019328K, committed 61440K, used 57118K [0x0000000084c00000, 0x0000000100000000)
  region size 1024K, 26 young (26624K), 1 survivors (1024K)
 Metaspace       used 73913K, committed 75072K, reserved 1114112K
  class space    used 9832K, committed 10304K, reserved 1048576K
}
Event: 6504.102 GC heap after
{Heap after GC invocations=48 (full 0):
 garbage-first heap   total reserved 2019328K, committed 61440K, used 31480K [0x0000000084c00000, 0x0000000100000000)
  region size 1024K, 1 young (1024K), 1 survivors (1024K)
 Metaspace       used 73913K, committed 75072K, reserved 1114112K
  class space    used 9832K, committed 10304K, reserved 1048576K
}
Event: 6883.790 GC heap before
{Heap before GC invocations=49 (full 0):
 garbage-first heap   total reserved 2019328K, committed 61440K, used 57080K [0x0000000084c00000, 0x0000000100000000)
  region size 1024K, 26 young (26624K), 1 survivors (1024K)
 Metaspace       used 73914K, committed 75072K, reserved 1114112K
  class space    used 9832K, committed 10304K, reserved 1048576K
}
Event: 6883.791 GC heap after
{Heap after GC invocations=50 (full 0):
 garbage-first heap   total reserved 2019328K, committed 61440K, used 31525K [0x0000000084c00000, 0x0000000100000000)
  region size 1024K, 1 young (1024K), 1 survivors (1024K)
 Metaspace       used 73914K, committed 75072K, reserved 1114112K
  class space    used 9832K, committed 10304K, reserved 1048576K
}

